<?xml version="1.0" encoding="UTF-8"?>
<testng-results ignored="0" total="9" passed="9" failed="0" skipped="0">
  <reporter-output>
  </reporter-output>
  <suite started-at="2024-06-13T09:39:30 IST" name="Default suite" finished-at="2024-06-13T09:39:32 IST" duration-ms="1185">
    <groups>
      <group name="cucumber">
        <method signature="AbstractTestNGCucumberTests.runScenario(io.cucumber.testng.PickleWrapper,io.cucumber.testng.FeatureWrapper)[pri:0, instance:TestRunner.CucumberTestRunnerForTags@59402b8f]" name="runScenario" class="io.cucumber.testng.AbstractTestNGCucumberTests"/>
      </group> <!-- cucumber -->
    </groups>
    <test started-at="2024-06-13T09:39:30 IST" name="Default test" finished-at="2024-06-13T09:39:32 IST" duration-ms="1185">
      <class name="TestRunner.CucumberTestRunnerForTags">
        <test-method is-config="true" signature="setUpClass(org.testng.ITestContext)[pri:0, instance:TestRunner.CucumberTestRunnerForTags@59402b8f]" started-at="2024-06-13T09:39:30 IST" name="setUpClass" finished-at="2024-06-13T09:39:31 IST" duration-ms="903" status="PASS">
          <params>
            <param index="0">
              <value>
                <![CDATA[org.testng.TestRunner@7d0332e1]]>
              </value>
            </param>
          </params>
          <reporter-output>
          </reporter-output>
        </test-method> <!-- setUpClass -->
        <test-method signature="runScenario(io.cucumber.testng.PickleWrapper,io.cucumber.testng.FeatureWrapper)[pri:0, instance:TestRunner.CucumberTestRunnerForTags@59402b8f]" started-at="2024-06-13T09:39:31 IST" name="runScenario" description="Runs Cucumber Scenarios" data-provider="scenarios" finished-at="2024-06-13T09:39:31 IST" duration-ms="116" status="PASS">
          <params>
            <param index="0">
              <value>
                <![CDATA["Scenario 1 from test1 feature"]]>
              </value>
            </param>
            <param index="1">
              <value>
                <![CDATA["This is test1 feature"]]>
              </value>
            </param>
          </params>
          <reporter-output>
          </reporter-output>
        </test-method> <!-- runScenario -->
        <test-method signature="runScenario(io.cucumber.testng.PickleWrapper,io.cucumber.testng.FeatureWrapper)[pri:0, instance:TestRunner.CucumberTestRunnerForTags@59402b8f]" started-at="2024-06-13T09:39:31 IST" name="runScenario" description="Runs Cucumber Scenarios" data-provider="scenarios" finished-at="2024-06-13T09:39:31 IST" duration-ms="8" status="PASS">
          <params>
            <param index="0">
              <value>
                <![CDATA["Scenario 2 from test1 feature"]]>
              </value>
            </param>
            <param index="1">
              <value>
                <![CDATA["This is test1 feature"]]>
              </value>
            </param>
          </params>
          <reporter-output>
          </reporter-output>
        </test-method> <!-- runScenario -->
        <test-method signature="runScenario(io.cucumber.testng.PickleWrapper,io.cucumber.testng.FeatureWrapper)[pri:0, instance:TestRunner.CucumberTestRunnerForTags@59402b8f]" started-at="2024-06-13T09:39:31 IST" name="runScenario" description="Runs Cucumber Scenarios" data-provider="scenarios" finished-at="2024-06-13T09:39:31 IST" duration-ms="4" status="PASS">
          <params>
            <param index="0">
              <value>
                <![CDATA["Scenario 3 from test1 feature"]]>
              </value>
            </param>
            <param index="1">
              <value>
                <![CDATA["This is test1 feature"]]>
              </value>
            </param>
          </params>
          <reporter-output>
          </reporter-output>
        </test-method> <!-- runScenario -->
        <test-method signature="runScenario(io.cucumber.testng.PickleWrapper,io.cucumber.testng.FeatureWrapper)[pri:0, instance:TestRunner.CucumberTestRunnerForTags@59402b8f]" started-at="2024-06-13T09:39:31 IST" name="runScenario" description="Runs Cucumber Scenarios" data-provider="scenarios" finished-at="2024-06-13T09:39:31 IST" duration-ms="6" status="PASS">
          <params>
            <param index="0">
              <value>
                <![CDATA["Scenario 1 from test2 feature"]]>
              </value>
            </param>
            <param index="1">
              <value>
                <![CDATA["This is test2 feature"]]>
              </value>
            </param>
          </params>
          <reporter-output>
          </reporter-output>
        </test-method> <!-- runScenario -->
        <test-method signature="runScenario(io.cucumber.testng.PickleWrapper,io.cucumber.testng.FeatureWrapper)[pri:0, instance:TestRunner.CucumberTestRunnerForTags@59402b8f]" started-at="2024-06-13T09:39:31 IST" name="runScenario" description="Runs Cucumber Scenarios" data-provider="scenarios" finished-at="2024-06-13T09:39:31 IST" duration-ms="4" status="PASS">
          <params>
            <param index="0">
              <value>
                <![CDATA["Scenario 2 from test2 feature"]]>
              </value>
            </param>
            <param index="1">
              <value>
                <![CDATA["This is test2 feature"]]>
              </value>
            </param>
          </params>
          <reporter-output>
          </reporter-output>
        </test-method> <!-- runScenario -->
        <test-method signature="runScenario(io.cucumber.testng.PickleWrapper,io.cucumber.testng.FeatureWrapper)[pri:0, instance:TestRunner.CucumberTestRunnerForTags@59402b8f]" started-at="2024-06-13T09:39:31 IST" name="runScenario" description="Runs Cucumber Scenarios" data-provider="scenarios" finished-at="2024-06-13T09:39:31 IST" duration-ms="4" status="PASS">
          <params>
            <param index="0">
              <value>
                <![CDATA["Scenario 3 from test2 feature"]]>
              </value>
            </param>
            <param index="1">
              <value>
                <![CDATA["This is test2 feature"]]>
              </value>
            </param>
          </params>
          <reporter-output>
          </reporter-output>
        </test-method> <!-- runScenario -->
        <test-method signature="runScenario(io.cucumber.testng.PickleWrapper,io.cucumber.testng.FeatureWrapper)[pri:0, instance:TestRunner.CucumberTestRunnerForTags@59402b8f]" started-at="2024-06-13T09:39:31 IST" name="runScenario" description="Runs Cucumber Scenarios" data-provider="scenarios" finished-at="2024-06-13T09:39:31 IST" duration-ms="6" status="PASS">
          <params>
            <param index="0">
              <value>
                <![CDATA["Scenario 1 from test3 feature"]]>
              </value>
            </param>
            <param index="1">
              <value>
                <![CDATA["This is test3 feature"]]>
              </value>
            </param>
          </params>
          <reporter-output>
          </reporter-output>
        </test-method> <!-- runScenario -->
        <test-method signature="runScenario(io.cucumber.testng.PickleWrapper,io.cucumber.testng.FeatureWrapper)[pri:0, instance:TestRunner.CucumberTestRunnerForTags@59402b8f]" started-at="2024-06-13T09:39:31 IST" name="runScenario" description="Runs Cucumber Scenarios" data-provider="scenarios" finished-at="2024-06-13T09:39:31 IST" duration-ms="6" status="PASS">
          <params>
            <param index="0">
              <value>
                <![CDATA["Scenario 2 from test3 feature"]]>
              </value>
            </param>
            <param index="1">
              <value>
                <![CDATA["This is test3 feature"]]>
              </value>
            </param>
          </params>
          <reporter-output>
          </reporter-output>
        </test-method> <!-- runScenario -->
        <test-method signature="runScenario(io.cucumber.testng.PickleWrapper,io.cucumber.testng.FeatureWrapper)[pri:0, instance:TestRunner.CucumberTestRunnerForTags@59402b8f]" started-at="2024-06-13T09:39:31 IST" name="runScenario" description="Runs Cucumber Scenarios" data-provider="scenarios" finished-at="2024-06-13T09:39:31 IST" duration-ms="5" status="PASS">
          <params>
            <param index="0">
              <value>
                <![CDATA["Scenario 3 from test3 feature"]]>
              </value>
            </param>
            <param index="1">
              <value>
                <![CDATA["This is test3 feature"]]>
              </value>
            </param>
          </params>
          <reporter-output>
          </reporter-output>
        </test-method> <!-- runScenario -->
        <test-method is-config="true" signature="tearDownClass()[pri:0, instance:TestRunner.CucumberTestRunnerForTags@59402b8f]" started-at="2024-06-13T09:39:31 IST" name="tearDownClass" finished-at="2024-06-13T09:39:32 IST" duration-ms="25" status="PASS">
          <reporter-output>
          </reporter-output>
        </test-method> <!-- tearDownClass -->
      </class> <!-- TestRunner.CucumberTestRunnerForTags -->
    </test> <!-- Default test -->
  </suite> <!-- Default suite -->
</testng-results>
