<?xml version="1.0" encoding="UTF-8"?>
<testsuite xmlns:xsi="http://www.w3.org/2001/XMLSchema-instance" xsi:noNamespaceSchemaLocation="https://maven.apache.org/surefire/maven-surefire-plugin/xsd/surefire-test-report-3.0.xsd" version="3.0" name="TestSuite" time="4.84" tests="10" errors="0" skipped="0" failures="1">
  <properties>
[...]
</properties>
  <testcase name="runScenario[&quot;check login is successful with valid credentails&quot;, &quot;Login Page Automation of saucedemo App&quot;](1)" classname="TestRunner.CucumberTestRunner" time="3.347">
    <failure message="The step &apos;User is navigated to home page&apos; is undefined.&#10;You can implement this step using the snippet(s) below:&#10;&#10;@Then(&quot;User is navigated to home page&quot;)&#10;public void user_is_navigated_to_home_page() {&#10;    // Write code here that turns the phrase above into concrete actions&#10;    throw new io.cucumber.java.PendingException();&#10;}&#10;" type="io.cucumber.testng.UndefinedStepException"><![CDATA[io.cucumber.testng.UndefinedStepException: 
The step 'User is navigated to home page' is undefined.
You can implement this step using the snippet(s) below:

@Then("User is navigated to home page")
public void user_is_navigated_to_home_page() {
    // Write code here that turns the phrase above into concrete actions
    throw new io.cucumber.java.PendingException();
}

	at io.cucumber.core.runtime.TestCaseResultObserver.assertTestCasePassed(TestCaseResultObserver.java:69)
	at io.cucumber.testng.TestCaseResultObserver.assertTestCasePassed(TestCaseResultObserver.java:23)
	at io.cucumber.testng.TestNGCucumberRunner.lambda$runScenario$1(TestNGCucumberRunner.java:133)
	at io.cucumber.core.runtime.CucumberExecutionContext.lambda$runTestCase$5(CucumberExecutionContext.java:136)
	at io.cucumber.core.runtime.RethrowingThrowableCollector.executeAndThrow(RethrowingThrowableCollector.java:23)
	at io.cucumber.core.runtime.CucumberExecutionContext.runTestCase(CucumberExecutionContext.java:136)
	at io.cucumber.testng.TestNGCucumberRunner.runScenario(TestNGCucumberRunner.java:129)
	at io.cucumber.testng.AbstractTestNGCucumberTests.runScenario(AbstractTestNGCucumberTests.java:35)
	at java.base/jdk.internal.reflect.DirectMethodHandleAccessor.invoke(DirectMethodHandleAccessor.java:103)
	at java.base/java.lang.reflect.Method.invoke(Method.java:580)
	at org.testng.internal.invokers.MethodInvocationHelper.invokeMethod(MethodInvocationHelper.java:139)
	at org.testng.internal.invokers.TestInvoker.invokeMethod(TestInvoker.java:664)
	at org.testng.internal.invokers.TestInvoker.invokeTestMethod(TestInvoker.java:228)
	at org.testng.internal.invokers.MethodRunner.runInSequence(MethodRunner.java:63)
	at org.testng.internal.invokers.TestInvoker$MethodInvocationAgent.invoke(TestInvoker.java:961)
	at org.testng.internal.invokers.TestInvoker.invokeTestMethods(TestInvoker.java:201)
	at org.testng.internal.invokers.TestMethodWorker.invokeTestMethods(TestMethodWorker.java:148)
	at org.testng.internal.invokers.TestMethodWorker.run(TestMethodWorker.java:128)
	at java.base/java.util.ArrayList.forEach(ArrayList.java:1596)
	at org.testng.TestRunner.privateRun(TestRunner.java:819)
	at org.testng.TestRunner.run(TestRunner.java:619)
	at org.testng.SuiteRunner.runTest(SuiteRunner.java:443)
	at org.testng.SuiteRunner.runSequentially(SuiteRunner.java:437)
	at org.testng.SuiteRunner.privateRun(SuiteRunner.java:397)
	at org.testng.SuiteRunner.run(SuiteRunner.java:336)
	at org.testng.SuiteRunnerWorker.runSuite(SuiteRunnerWorker.java:52)
	at org.testng.SuiteRunnerWorker.run(SuiteRunnerWorker.java:95)
	at org.testng.TestNG.runSuitesSequentially(TestNG.java:1301)
	at org.testng.TestNG.runSuitesLocally(TestNG.java:1228)
	at org.testng.TestNG.runSuites(TestNG.java:1134)
	at org.testng.TestNG.run(TestNG.java:1101)
	at org.apache.maven.surefire.testng.TestNGExecutor.run(TestNGExecutor.java:155)
	at org.apache.maven.surefire.testng.TestNGDirectoryTestSuite.executeMulti(TestNGDirectoryTestSuite.java:169)
	at org.apache.maven.surefire.testng.TestNGDirectoryTestSuite.execute(TestNGDirectoryTestSuite.java:88)
	at org.apache.maven.surefire.testng.TestNGProvider.invoke(TestNGProvider.java:137)
	at org.apache.maven.surefire.booter.ForkedBooter.runSuitesInProcess(ForkedBooter.java:385)
	at org.apache.maven.surefire.booter.ForkedBooter.execute(ForkedBooter.java:162)
	at org.apache.maven.surefire.booter.ForkedBooter.run(ForkedBooter.java:507)
	at org.apache.maven.surefire.booter.ForkedBooter.main(ForkedBooter.java:495)
]]></failure>
    <system-out><![CDATA[
Scenario Outline: check login is successful with valid credentails &amp#27;[90m# src/test/resources/features/login.feature:15&amp#27;[0m
  &amp#27;[32mGiven &amp#27;[0m&amp#27;[32mUser is on Login page&amp#27;[0m                                      &amp#27;[90m# StepDefinations.PageFactoryLoginStepsDefination.user_is_on_login_page()&amp#27;[0m
  &amp#27;[32mWhen &amp#27;[0m&amp#27;[32mUser enters valid &amp#27;[0m&amp#27;[32m&amp#27;[1m"standard_user"&amp#27;[0m&amp#27;[32m and &amp#27;[0m&amp#27;[32m&amp#27;[1m"secret_sauce"&amp#27;[0m        &amp#27;[90m# StepDefinations.PageFactoryLoginStepsDefination.user_enters_valid_and(java.lang.String,java.lang.String)&amp#27;[0m
  &amp#27;[32mAnd &amp#27;[0m&amp#27;[32mClicks on Login Button&amp#27;[0m                                       &amp#27;[90m# StepDefinations.PageFactoryLoginStepsDefination.clicks_on_login_button()&amp#27;[0m
  &amp#27;[33mThen &amp#27;[0m&amp#27;[33mUser is navigated to home page&amp#27;[0m
  &amp#27;[36mAnd &amp#27;[0m&amp#27;[36mClose the browser&amp#27;[0m                                            &amp#27;[90m# StepDefinations.PageFactoryLoginStepsDefination.close_the_browser()&amp#27;[0m
]]></system-out>
    <system-err><![CDATA[SLF4J: Failed to load class "org.slf4j.impl.StaticLoggerBinder".
SLF4J: Defaulting to no-operation (NOP) logger implementation
SLF4J: See http://www.slf4j.org/codes.html#StaticLoggerBinder for further details.
Jun 13, 2024 9:56:05 AM org.openqa.selenium.devtools.CdpVersionFinder findNearestMatch
WARNING: Unable to find an exact match for CDP version 125, returning the closest version; found: 123; Please update to a Selenium version that supports CDP version 125
]]></system-err>
  </testcase>
  <testcase name="runScenario[&quot;Scenario 1 from test1 feature&quot;, &quot;This is test1 feature&quot;](1)" classname="TestRunner.CucumberTestRunnerForTags" time="0.003">
    <system-out><![CDATA[
@smoke @regression @perf
Scenario: Scenario 1 from test1 feature &amp#27;[90m# src/test/resources/FeaturesWithTags/test1.feature:3&amp#27;[0m
]]></system-out>
  </testcase>
  <testcase name="runScenario[&quot;Scenario 2 from test1 feature&quot;, &quot;This is test1 feature&quot;](2)" classname="TestRunner.CucumberTestRunnerForTags" time="0.004">
    <system-out><![CDATA[
@perf
Scenario: Scenario 2 from test1 feature &amp#27;[90m# src/test/resources/FeaturesWithTags/test1.feature:8&amp#27;[0m
]]></system-out>
  </testcase>
  <testcase name="runScenario[&quot;Scenario 3 from test1 feature&quot;, &quot;This is test1 feature&quot;](3)" classname="TestRunner.CucumberTestRunnerForTags" time="0.008">
    <system-out><![CDATA[
Scenario: Scenario 3 from test1 feature &amp#27;[90m# src/test/resources/FeaturesWithTags/test1.feature:12&amp#27;[0m
]]></system-out>
  </testcase>
  <testcase name="runScenario[&quot;Scenario 1 from test2 feature&quot;, &quot;This is test2 feature&quot;](4)" classname="TestRunner.CucumberTestRunnerForTags" time="0.004">
    <system-out><![CDATA[
Scenario: Scenario 1 from test2 feature &amp#27;[90m# src/test/resources/FeaturesWithTags/test2.feature:3&amp#27;[0m
]]></system-out>
  </testcase>
  <testcase name="runScenario[&quot;Scenario 2 from test2 feature&quot;, &quot;This is test2 feature&quot;](5)" classname="TestRunner.CucumberTestRunnerForTags" time="0.009">
    <system-out><![CDATA[
@smoke @regression
Scenario: Scenario 2 from test2 feature &amp#27;[90m# src/test/resources/FeaturesWithTags/test2.feature:8&amp#27;[0m
]]></system-out>
  </testcase>
  <testcase name="runScenario[&quot;Scenario 3 from test2 feature&quot;, &quot;This is test2 feature&quot;](6)" classname="TestRunner.CucumberTestRunnerForTags" time="0.0">
    <system-out><![CDATA[
@perf
Scenario: Scenario 3 from test2 feature &amp#27;[90m# src/test/resources/FeaturesWithTags/test2.feature:13&amp#27;[0m
]]></system-out>
  </testcase>
  <testcase name="runScenario[&quot;Scenario 1 from test3 feature&quot;, &quot;This is test3 feature&quot;](7)" classname="TestRunner.CucumberTestRunnerForTags" time="0.015">
    <system-out><![CDATA[
@regression @smoke
Scenario: Scenario 1 from test3 feature &amp#27;[90m# src/test/resources/FeaturesWithTags/test3.feature:3&amp#27;[0m
]]></system-out>
  </testcase>
  <testcase name="runScenario[&quot;Scenario 2 from test3 feature&quot;, &quot;This is test3 feature&quot;](8)" classname="TestRunner.CucumberTestRunnerForTags" time="0.003">
    <system-out><![CDATA[
Scenario: Scenario 2 from test3 feature &amp#27;[90m# src/test/resources/FeaturesWithTags/test3.feature:8&amp#27;[0m
]]></system-out>
  </testcase>
  <testcase name="runScenario[&quot;Scenario 3 from test3 feature&quot;, &quot;This is test3 feature&quot;](9)" classname="TestRunner.CucumberTestRunnerForTags" time="0.007">
    <system-out><![CDATA[
@smoke
Scenario: Scenario 3 from test3 feature &amp#27;[90m# src/test/resources/FeaturesWithTags/test3.feature:13&amp#27;[0m
]]></system-out>
  </testcase>
</testsuite>